This is pdfTeX, Version 3.14159265-2.6-1.40.19 (TeX Live 2019/dev/Debian) (preloaded format=pdflatex 2019.11.24)  27 MAR 2020 17:17
entering extended mode
 restricted \write18 enabled.
 %&-line parsing enabled.
**/home/ubelix/lejeune/runs/sp_errors/table.pdf
(/usr/share/texlive/texmf-dist/tex/latex/tools/q.tex
LaTeX2e <2018-12-01>
File ignored
)
! Emergency stop.
<*> /home/ubelix/lejeune/runs/sp_errors/table.pdf
                                                 
*** (job aborted, no legal \end found)

 
Here is how much of TeX's memory you used:
 8 strings out of 492615
 295 string characters out of 6131389
 56959 words of memory out of 5000000
 4018 multiletter control sequences out of 15000+600000
 3640 words of font info for 14 fonts, out of 8000000 for 9000
 1141 hyphenation exceptions out of 8191
 5i,0n,1p,125b,8s stack positions out of 5000i,500n,10000p,200000b,80000s
!  ==> Fatal error occurred, no output PDF file produced!
